{
  "stats": {
    "suites": 1,
    "tests": 2,
    "passes": 2,
    "pending": 0,
    "failures": 0,
    "start": "2025-08-21T09:11:17.515Z",
    "end": "2025-08-21T09:11:31.217Z",
    "duration": 13702,
    "testsRegistered": 2,
    "passPercent": 100,
    "pendingPercent": 0,
    "other": 0,
    "hasOther": false,
    "skipped": 0,
    "hasSkipped": false
  },
  "results": [
    {
      "uuid": "dc56b95d-5d67-4631-9df2-0b65b9628ace",
      "title": "",
      "fullFile": "C:\\Users\\Cevio\\Downloads\\SESI_9_CAMELIA\\tests\\sesi-9\\test_sesi9_3.js",
      "file": "\\tests\\sesi-9\\test_sesi9_3.js",
      "beforeHooks": [],
      "afterHooks": [],
      "tests": [],
      "suites": [
        {
          "uuid": "0c919048-825f-451c-8c1f-064654b89b2f",
          "title": "SauceDemo Test Suite",
          "fullFile": "C:\\Users\\Cevio\\Downloads\\SESI_9_CAMELIA\\tests\\sesi-9\\test_sesi9_3.js",
          "file": "\\tests\\sesi-9\\test_sesi9_3.js",
          "beforeHooks": [
            {
              "title": "\"before each\" hook in \"SauceDemo Test Suite\"",
              "fullTitle": "SauceDemo Test Suite \"before each\" hook in \"SauceDemo Test Suite\"",
              "timedOut": false,
              "duration": 1134,
              "state": null,
              "speed": null,
              "pass": false,
              "fail": false,
              "pending": false,
              "context": null,
              "code": "// Konfigurasi opsi Chrome, seperti mode incognito\nlet options = new chrome.Options();\noptions.addArguments('--incognito'); // Opsi untuk menjalankan Chrome dalam mode incognito\n// Membangun instance driver\ndriver = await new Builder().forBrowser('chrome').setChromeOptions(options).build();",
              "err": {},
              "uuid": "306b4412-ac2b-4fa8-90d0-322c2340f9ce",
              "parentUUID": "0c919048-825f-451c-8c1f-064654b89b2f",
              "isHook": true,
              "skipped": false
            }
          ],
          "afterHooks": [
            {
              "title": "\"after each\" hook in \"SauceDemo Test Suite\"",
              "fullTitle": "SauceDemo Test Suite \"after each\" hook in \"SauceDemo Test Suite\"",
              "timedOut": false,
              "duration": 283,
              "state": null,
              "speed": null,
              "pass": false,
              "fail": false,
              "pending": false,
              "context": null,
              "code": "// Memastikan driver ditutup setelah setiap tes untuk membersihkan sesi\nif (driver) {\n    await driver.quit();\n}",
              "err": {},
              "uuid": "f8ae2527-95a1-4f99-8d17-a87703306439",
              "parentUUID": "0c919048-825f-451c-8c1f-064654b89b2f",
              "isHook": true,
              "skipped": false
            }
          ],
          "tests": [
            {
              "title": "Harus berhasil login dan memvalidasi elemen keranjang belanja dan judul halaman",
              "fullTitle": "SauceDemo Test Suite Harus berhasil login dan memvalidasi elemen keranjang belanja dan judul halaman",
              "timedOut": false,
              "duration": 2028,
              "state": "passed",
              "speed": "slow",
              "pass": true,
              "fail": false,
              "pending": false,
              "context": null,
              "code": "// Navigasi ke URL dan lakukan proses login\nawait driver.get('https://www.saucedemo.com');\nawait driver.findElement(By.css('[data-test=\"username\"]')).sendKeys('standard_user');\nawait driver.findElement(By.xpath('//*[@data-test=\"password\"]')).sendKeys('secret_sauce');\nawait driver.findElement(By.className('submit-button btn_action')).click();\n// Menunggu elemen 'shopping-cart-link' muncul dan terlihat\nlet buttonCart = await driver.wait(\n    until.elementLocated(By.xpath('//*[@data-test=\"shopping-cart-link\"]')),\n    10000 // Timeout 10 detik\n);\nawait driver.wait(until.elementIsVisible(buttonCart), 5000, 'Shopping cart harus tampil');\n// Assertion: Memastikan elemen keranjang belanja tampil\nawait buttonCart.isDisplayed();\n// Mencari elemen logo aplikasi dan memvalidasi teksnya\nlet textAppLogo = await driver.findElement(By.className('app_logo'));\nlet logotext = await textAppLogo.getText();\nassert.strictEqual(logotext, 'Swag Labs');",
              "err": {},
              "uuid": "0a03ac3c-77bc-41c4-bf70-99dae2e44b82",
              "parentUUID": "0c919048-825f-451c-8c1f-064654b89b2f",
              "isHook": false,
              "skipped": false
            },
            {
              "title": "Harus mengurutkan produk dari A-Z dan memvalidasi urutannya",
              "fullTitle": "SauceDemo Test Suite Harus mengurutkan produk dari A-Z dan memvalidasi urutannya",
              "timedOut": false,
              "duration": 6870,
              "state": "passed",
              "speed": "slow",
              "pass": true,
              "fail": false,
              "pending": false,
              "context": null,
              "code": "// Navigasi ke URL dan lakukan proses login\nawait driver.get('https://www.saucedemo.com');\nawait driver.findElement(By.css('[data-test=\"username\"]')).sendKeys('standard_user');\nawait driver.findElement(By.xpath('//*[@data-test=\"password\"]')).sendKeys('secret_sauce');\nawait driver.findElement(By.className('submit-button btn_action')).click();\n// Ambil daftar nama produk sebelum diurutkan\nlet productNamesBeforeSort = await driver.findElements(By.className('inventory_item_name'));\nlet namesBefore = await Promise.all(productNamesBeforeSort.map(async (element) => {\n    return await element.getText();\n}));\n// Lakukan aksi untuk memilih opsi 'Name (A to Z)' dari dropdown\nlet dropdown = await driver.findElement(By.className('product_sort_container'));\nawait dropdown.findElement(By.xpath('//option[@value=\"az\"]')).click();\n// Tunggu hingga halaman diperbarui\nawait driver.sleep(5000); \n// Ambil daftar nama produk setelah diurutkan\nlet productNamesAfterSort = await driver.findElements(By.className('inventory_item_name'));\nlet namesAfter = await Promise.all(productNamesAfterSort.map(async (element) => {\n    return await element.getText();\n}));\n// Buat salinan dari daftar nama produk yang belum diurutkan dan urutkan secara manual untuk perbandingan\nlet expectedSortedNames = [...namesBefore].sort();\n// Lakukan assertion untuk membandingkan daftar nama produk yang sebenarnya dengan yang diharapkan\nassert.deepStrictEqual(namesAfter, expectedSortedNames);\nconsole.log(\"Pengurutan produk berhasil!\");",
              "err": {},
              "uuid": "70e26e74-8dc8-4121-931f-cf3a498e6535",
              "parentUUID": "0c919048-825f-451c-8c1f-064654b89b2f",
              "isHook": false,
              "skipped": false
            }
          ],
          "suites": [],
          "passes": [
            "0a03ac3c-77bc-41c4-bf70-99dae2e44b82",
            "70e26e74-8dc8-4121-931f-cf3a498e6535"
          ],
          "failures": [],
          "pending": [],
          "skipped": [],
          "duration": 8898,
          "root": false,
          "rootEmpty": false,
          "_timeout": 60000
        }
      ],
      "passes": [],
      "failures": [],
      "pending": [],
      "skipped": [],
      "duration": 0,
      "root": true,
      "rootEmpty": true,
      "_timeout": 60000
    }
  ],
  "meta": {
    "mocha": {
      "version": "10.8.2"
    },
    "mochawesome": {
      "options": {
        "quiet": false,
        "reportFilename": "mochawesome",
        "saveHtml": true,
        "saveJson": true,
        "consoleReporter": "spec",
        "useInlineDiffs": false,
        "code": true
      },
      "version": "7.1.3"
    },
    "marge": {
      "options": null,
      "version": "6.2.0"
    }
  }
}